<?xml version="1.0" encoding="UTF-8" standalone="yes"?><!DOCTYPE report PUBLIC "-//JACOCO//DTD Report 1.1//EN" "report.dtd"><report name="Docs Core"><sessioninfo id="Walkers-eff6f2c1" start="1777274666529" dump="1777274672531"/><sessioninfo id="Walkers-b31156e4" start="1777274672796" dump="1777274687202"/><sessioninfo id="Walkers-ec9bb253" start="1777274688144" dump="1777274699136"/><sessioninfo id="Walkers-12bfd7b7" start="1777274699439" dump="1777274701330"/><sessioninfo id="Walkers-cc9eea0" start="1777274701578" dump="1777274716960"/><sessioninfo id="Walkers-9ea20b66" start="1777274717369" dump="1777274777429"/><sessioninfo id="Walkers-bc087729" start="1777274777729" dump="1777274778163"/><sessioninfo id="Walkers-1294ab84" start="1777274778384" dump="1777274779094"/><sessioninfo id="Walkers-151bce41" start="1777274779318" dump="1777274779805"/><sessioninfo id="Walkers-a756ec93" start="1777274780050" dump="1777274780489"/><sessioninfo id="Walkers-d0833351" start="1777274780718" dump="1777274781173"/></report>